[2024-04-18T16:35:37.660] [INFO] default - [2024-04-18T21:35:37.655Z] GET /
[2024-04-18T16:35:53.725] [INFO] default - [2024-04-18T21:35:53.725Z] GET /
[2024-04-18T21:40:45.382] [INFO] default - [2024-04-19T02:40:45.380Z] GET /character
[2024-04-18T21:42:26.535] [INFO] default - [2024-04-19T02:42:26.534Z] POST /graphql
[2024-04-18T21:42:26.797] [INFO] default - [2024-04-19T02:42:26.796Z] POST /graphql
[2024-04-18T21:42:28.500] [INFO] default - [2024-04-19T02:42:28.499Z] POST /graphql
[2024-04-18T21:42:29.498] [INFO] default - [2024-04-19T02:42:29.498Z] POST /graphql
[2024-04-18T21:42:30.496] [INFO] default - [2024-04-19T02:42:30.495Z] POST /graphql
[2024-04-18T21:42:31.052] [INFO] default - [2024-04-19T02:42:31.052Z] GET /character
[2024-04-18T21:47:37.540] [INFO] default - [2024-04-19T02:47:37.540Z] POST /graphql
[2024-04-18T21:47:38.511] [INFO] default - [2024-04-19T02:47:38.511Z] POST /graphql
[2024-04-18T21:47:39.508] [INFO] default - [2024-04-19T02:47:39.507Z] POST /graphql
[2024-04-18T21:47:40.506] [INFO] default - [2024-04-19T02:47:40.506Z] POST /graphql
[2024-04-18T21:49:16.325] [INFO] default - [2024-04-19T02:49:16.324Z] GET /character?status=Alive&species=Human&gender=20&name=Yova&origin
[2024-04-18T21:51:34.213] [INFO] default - [2024-04-19T02:51:34.212Z] GET /graphql/character?status=Alive&species=Human&gender=Male&name=Yova&origin=a
[2024-04-18T21:52:04.531] [INFO] default - [2024-04-19T02:52:04.530Z] GET /character?status=Alive&species=Human&gender=Male&name=Yova&origin=a
[2024-04-18T23:32:11.731] [INFO] default - [2024-04-19T04:32:11.730Z] GET /character
[2024-04-18T23:32:12.525] [INFO] default - [2024-04-19T04:32:12.525Z] GET /favicon.ico
[2024-04-18T23:46:33.710] [INFO] default - [2024-04-19T04:46:33.706Z] GET /character
[2024-04-18T23:49:53.878] [INFO] default - [2024-04-19T04:49:53.878Z] GET /character?status=Alive&species=Human&gender=Male&name=Yova&origin=a
[2024-04-18T23:50:57.523] [INFO] default - [2024-04-19T04:50:57.522Z] GET /character?status=Alive&species=Human&gender=Male&name=Yova&origin=a
[2024-04-18T23:52:06.253] [INFO] default - [2024-04-19T04:52:06.251Z] GET /character
[2024-04-18T23:53:15.693] [INFO] default - [2024-04-19T04:53:15.692Z] GET /character?status=undefined&species=undefined&gender=undefined&name=undefined&origin=undefined
[2024-04-19T00:10:45.674] [INFO] default - [2024-04-19T05:10:45.669Z] GET /character
[2024-04-19T09:06:20.739] [INFO] default - [2024-04-19T14:06:20.734Z] GET /favicon.ico
[2024-04-19T09:06:38.235] [INFO] default - [2024-04-19T14:06:38.234Z] GET /character
[2024-04-19T09:07:03.066] [INFO] default - [2024-04-19T14:07:03.066Z] GET /character
[2024-04-19T09:16:36.119] [INFO] default - [2024-04-19T14:16:36.118Z] GET /character
[2024-04-19T09:17:19.919] [INFO] default - [2024-04-19T14:17:19.919Z] GET /character
[2024-04-19T09:18:25.655] [INFO] default - [2024-04-19T14:18:25.655Z] GET /character
[2024-04-19T09:20:12.409] [INFO] default - [2024-04-19T14:20:12.409Z] GET /character
[2024-04-19T10:16:05.657] [INFO] default - [2024-04-19T15:16:05.656Z] GET /character
[2024-04-19T11:03:23.846] [INFO] default - [2024-04-19T16:03:23.843Z] GET /character
[2024-04-19T11:04:51.362] [INFO] default - [2024-04-19T16:04:51.360Z] GET /character?status=Alive&species=Human&gender=Male&name=Yova&origin=a
[2024-04-19T11:05:24.109] [INFO] default - [2024-04-19T16:05:24.097Z] GET /character?status=Alive&species=Human&gender=Male&name=Yova&origin=a
[2024-04-19T11:08:40.788] [INFO] default - [2024-04-19T16:08:40.787Z] GET /character?status=Alive&species=Human&gender=Male&name=Yova&origin=a
[2024-04-19T11:10:48.962] [INFO] default - [2024-04-19T16:10:48.958Z] GET /character?status=Alive&species=Human&gender=&name=&origin=
[2024-04-19T16:25:27.892] [INFO] default - [2024-04-19T21:25:27.891Z] POST /character?status=Alive&species=Human&gender=Male&name=Yova&origin=a
[2024-04-19T16:26:47.033] [INFO] default - [2024-04-19T21:26:47.032Z] POST /character?status=Alive&species=Human&gender=Male&name=Yova&origin=a
[2024-04-19T16:30:14.410] [INFO] default - [2024-04-19T21:30:14.409Z] POST /character?status=Alive&species=Human&gender=Male&name=Yova&origin=a
[2024-04-19T16:39:08.517] [INFO] default - [2024-04-19T21:39:08.516Z] GET /character/id
[2024-04-19T16:42:11.350] [INFO] default - [2024-04-19T21:42:11.349Z] GET /character/id
[2024-04-19T17:04:49.401] [INFO] default - [2024-04-19T22:04:49.400Z] POST /character
[2024-04-19T17:05:10.153] [INFO] default - [2024-04-19T22:05:10.152Z] PUT /character
[2024-04-19T17:41:10.031] [INFO] default - [2024-04-19T22:41:10.026Z] GET /allcharacter
[2024-04-19T17:42:10.026] [INFO] default - [2024-04-19T22:42:10.026Z] GET /allcharacter
[2024-04-19T17:43:10.022] [INFO] default - [2024-04-19T22:43:10.021Z] GET /allcharacter
[2024-04-19T17:44:10.016] [INFO] default - [2024-04-19T22:44:10.016Z] GET /allcharacter
[2024-04-19T17:45:10.010] [INFO] default - [2024-04-19T22:45:10.010Z] GET /allcharacter
[2024-04-19T17:46:10.024] [INFO] default - [2024-04-19T22:46:10.023Z] GET /allcharacter
[2024-04-19T17:47:10.012] [INFO] default - [2024-04-19T22:47:10.011Z] GET /allcharacter
[2024-04-19T17:48:10.029] [INFO] default - [2024-04-19T22:48:10.028Z] GET /allcharacter
[2024-04-19T17:49:10.036] [INFO] default - [2024-04-19T22:49:10.023Z] GET /allcharacter
[2024-04-19T17:50:10.023] [INFO] default - [2024-04-19T22:50:10.023Z] GET /allcharacter
[2024-04-19T17:51:10.016] [INFO] default - [2024-04-19T22:51:10.015Z] GET /allcharacter
[2024-04-19T17:52:10.017] [INFO] default - [2024-04-19T22:52:10.017Z] GET /allcharacter
[2024-04-19T21:06:36.164] [INFO] default - [2024-04-20T02:06:36.163Z] PUT /character
[2024-04-19T21:07:10.029] [INFO] default - [2024-04-20T02:07:10.029Z] GET /allcharacter
[2024-04-19T21:08:10.026] [INFO] default - [2024-04-20T02:08:10.026Z] GET /allcharacter
[2024-04-19T21:09:10.011] [INFO] default - [2024-04-20T02:09:10.011Z] GET /allcharacter
[2024-04-19T21:10:10.020] [INFO] default - [2024-04-20T02:10:10.019Z] GET /allcharacter
[2024-04-19T21:11:10.011] [INFO] default - [2024-04-20T02:11:10.011Z] GET /allcharacter
[2024-04-19T21:12:52.132] [INFO] default - [2024-04-20T02:12:52.131Z] PUT /character
[2024-04-19T21:13:10.018] [INFO] default - [2024-04-20T02:13:10.017Z] GET /allcharacter
[2024-04-19T21:13:49.839] [INFO] default - [2024-04-20T02:13:49.838Z] PUT /character
[2024-04-19T21:14:04.188] [INFO] default - [2024-04-20T02:14:04.187Z] PUT /character
[2024-04-19T21:14:10.020] [INFO] default - [2024-04-20T02:14:10.019Z] GET /allcharacter
[2024-04-19T21:14:52.978] [INFO] default - [2024-04-20T02:14:52.977Z] PUT /character
[2024-04-19T21:15:10.016] [INFO] default - [2024-04-20T02:15:10.015Z] GET /allcharacter
[2024-04-19T21:16:10.021] [INFO] default - [2024-04-20T02:16:10.020Z] GET /allcharacter
[2024-04-19T21:17:10.023] [INFO] default - [2024-04-20T02:17:10.023Z] GET /allcharacter
[2024-04-19T21:18:10.013] [INFO] default - [2024-04-20T02:18:10.013Z] GET /allcharacter
[2024-04-19T21:19:10.024] [INFO] default - [2024-04-20T02:19:10.024Z] GET /allcharacter
[2024-04-19T21:20:10.019] [INFO] default - [2024-04-20T02:20:10.019Z] GET /allcharacter
[2024-04-19T21:21:10.013] [INFO] default - [2024-04-20T02:21:10.013Z] GET /allcharacter
[2024-04-19T21:22:10.023] [INFO] default - [2024-04-20T02:22:10.022Z] GET /allcharacter
[2024-04-19T21:23:10.011] [INFO] default - [2024-04-20T02:23:10.010Z] GET /allcharacter
[2024-04-19T21:24:10.023] [INFO] default - [2024-04-20T02:24:10.023Z] GET /allcharacter
[2024-04-19T21:25:10.022] [INFO] default - [2024-04-20T02:25:10.022Z] GET /allcharacter
[2024-04-19T21:26:10.026] [INFO] default - [2024-04-20T02:26:10.025Z] GET /allcharacter
[2024-04-19T21:27:10.013] [INFO] default - [2024-04-20T02:27:10.013Z] GET /allcharacter
[2024-04-19T21:28:10.017] [INFO] default - [2024-04-20T02:28:10.017Z] GET /allcharacter
[2024-04-19T21:29:10.026] [INFO] default - [2024-04-20T02:29:10.024Z] GET /allcharacter
[2024-04-19T21:30:10.016] [INFO] default - [2024-04-20T02:30:10.016Z] GET /allcharacter
[2024-04-19T21:31:10.021] [INFO] default - [2024-04-20T02:31:10.020Z] GET /allcharacter
[2024-04-19T21:32:10.023] [INFO] default - [2024-04-20T02:32:10.023Z] GET /allcharacter
[2024-04-19T21:33:10.012] [INFO] default - [2024-04-20T02:33:10.012Z] GET /allcharacter
[2024-04-19T21:34:10.008] [INFO] default - [2024-04-20T02:34:10.007Z] GET /allcharacter
[2024-04-19T21:35:10.012] [INFO] default - [2024-04-20T02:35:10.012Z] GET /allcharacter
[2024-04-19T21:36:10.013] [INFO] default - [2024-04-20T02:36:10.013Z] GET /allcharacter
[2024-04-19T21:37:10.022] [INFO] default - [2024-04-20T02:37:10.022Z] GET /allcharacter
[2024-04-19T21:38:10.011] [INFO] default - [2024-04-20T02:38:10.010Z] GET /allcharacter
[2024-04-19T21:39:10.014] [INFO] default - [2024-04-20T02:39:10.013Z] GET /allcharacter
[2024-04-19T21:40:10.013] [INFO] default - [2024-04-20T02:40:10.013Z] GET /allcharacter
[2024-04-19T21:41:10.016] [INFO] default - [2024-04-20T02:41:10.016Z] GET /allcharacter
[2024-04-19T21:42:10.022] [INFO] default - [2024-04-20T02:42:10.021Z] GET /allcharacter
[2024-04-19T21:43:10.018] [INFO] default - [2024-04-20T02:43:10.018Z] GET /allcharacter
[2024-04-19T21:44:10.020] [INFO] default - [2024-04-20T02:44:10.020Z] GET /allcharacter
[2024-04-19T21:45:10.016] [INFO] default - [2024-04-20T02:45:10.015Z] GET /allcharacter
[2024-04-19T21:46:10.018] [INFO] default - [2024-04-20T02:46:10.018Z] GET /allcharacter
[2024-04-19T21:47:10.018] [INFO] default - [2024-04-20T02:47:10.017Z] GET /allcharacter
[2024-04-19T21:48:10.018] [INFO] default - [2024-04-20T02:48:10.018Z] GET /allcharacter
[2024-04-19T21:51:37.624] [INFO] default - [2024-04-20T02:51:37.623Z] DELETE /character
[2024-04-19T21:52:10.016] [INFO] default - [2024-04-20T02:52:10.015Z] GET /allcharacter
[2024-04-19T21:53:10.024] [INFO] default - [2024-04-20T02:53:10.024Z] GET /allcharacter
[2024-04-19T21:54:10.020] [INFO] default - [2024-04-20T02:54:10.019Z] GET /allcharacter
[2024-04-19T21:55:10.015] [INFO] default - [2024-04-20T02:55:10.015Z] GET /allcharacter
[2024-04-19T21:56:10.025] [INFO] default - [2024-04-20T02:56:10.025Z] GET /allcharacter
[2024-04-19T21:58:10.033] [INFO] default - [2024-04-20T02:58:10.032Z] GET /allcharacter
[2024-04-19T21:59:06.075] [INFO] default - [2024-04-20T02:59:06.073Z] DELETE /character/2
[2024-04-19T21:59:10.020] [INFO] default - [2024-04-20T02:59:10.019Z] GET /allcharacter
[2024-04-19T22:00:10.016] [INFO] default - [2024-04-20T03:00:10.016Z] GET /allcharacter
[2024-04-19T22:01:10.027] [INFO] default - [2024-04-20T03:01:10.026Z] GET /allcharacter
[2024-04-19T22:02:10.015] [INFO] default - [2024-04-20T03:02:10.014Z] GET /allcharacter
[2024-04-19T22:03:10.026] [INFO] default - [2024-04-20T03:03:10.026Z] GET /allcharacter
[2024-04-19T22:04:10.040] [INFO] default - [2024-04-20T03:04:10.039Z] GET /allcharacter
[2024-04-19T22:04:28.047] [INFO] default - [2024-04-20T03:04:28.047Z] DELETE /character/2
[2024-04-19T22:05:10.038] [INFO] default - [2024-04-20T03:05:10.038Z] GET /allcharacter
[2024-04-19T22:06:10.030] [INFO] default - [2024-04-20T03:06:10.029Z] GET /allcharacter
[2024-04-19T22:07:10.031] [INFO] default - [2024-04-20T03:07:10.030Z] GET /allcharacter
[2024-04-19T22:08:10.029] [INFO] default - [2024-04-20T03:08:10.029Z] GET /allcharacter
[2024-04-19T22:09:10.023] [INFO] default - [2024-04-20T03:09:10.023Z] GET /allcharacter
[2024-04-19T22:10:10.020] [INFO] default - [2024-04-20T03:10:10.020Z] GET /allcharacter
[2024-04-19T22:11:10.031] [INFO] default - [2024-04-20T03:11:10.030Z] GET /allcharacter
[2024-04-19T22:11:12.001] [INFO] default - [2024-04-20T03:11:11.999Z] DELETE /character/2
[2024-04-19T22:12:10.026] [INFO] default - [2024-04-20T03:12:10.026Z] GET /allcharacter
[2024-04-19T22:12:29.717] [INFO] default - [2024-04-20T03:12:29.716Z] POST /character
[2024-04-19T22:13:10.025] [INFO] default - [2024-04-20T03:13:10.024Z] GET /allcharacter
[2024-04-19T22:14:10.017] [INFO] default - [2024-04-20T03:14:10.017Z] GET /allcharacter
[2024-04-19T22:15:10.015] [INFO] default - [2024-04-20T03:15:10.015Z] GET /allcharacter
[2024-04-19T22:16:10.021] [INFO] default - [2024-04-20T03:16:10.020Z] GET /allcharacter
[2024-04-19T22:17:10.037] [INFO] default - [2024-04-20T03:17:10.036Z] GET /allcharacter
[2024-04-19T22:17:19.512] [INFO] default - [2024-04-20T03:17:19.511Z] DELETE /character/3
[2024-04-19T22:18:10.021] [INFO] default - [2024-04-20T03:18:10.021Z] GET /allcharacter
[2024-04-19T22:19:10.014] [INFO] default - [2024-04-20T03:19:10.014Z] GET /allcharacter
[2024-04-19T22:20:10.021] [INFO] default - [2024-04-20T03:20:10.021Z] GET /allcharacter
[2024-04-19T22:21:10.020] [INFO] default - [2024-04-20T03:21:10.020Z] GET /allcharacter
[2024-04-19T22:22:10.011] [INFO] default - [2024-04-20T03:22:10.010Z] GET /allcharacter
[2024-04-19T22:23:10.014] [INFO] default - [2024-04-20T03:23:10.013Z] GET /allcharacter
[2024-04-19T22:24:10.025] [INFO] default - [2024-04-20T03:24:10.024Z] GET /allcharacter
[2024-04-19T22:25:10.019] [INFO] default - [2024-04-20T03:25:10.019Z] GET /allcharacter
[2024-04-19T22:26:10.013] [INFO] default - [2024-04-20T03:26:10.012Z] GET /allcharacter
[2024-04-19T22:27:10.024] [INFO] default - [2024-04-20T03:27:10.024Z] GET /allcharacter
[2024-04-19T22:28:10.025] [INFO] default - [2024-04-20T03:28:10.024Z] GET /allcharacter
[2024-04-19T22:29:09.022] [INFO] default - [2024-04-20T03:29:09.021Z] POST /character
[2024-04-19T22:29:10.025] [INFO] default - [2024-04-20T03:29:10.025Z] GET /allcharacter
[2024-04-19T22:30:10.037] [INFO] default - [2024-04-20T03:30:10.036Z] GET /allcharacter
[2024-04-19T22:31:10.015] [INFO] default - [2024-04-20T03:31:10.014Z] GET /allcharacter
[2024-04-19T22:32:08.523] [INFO] default - [2024-04-20T03:32:08.522Z] GET /character/id
[2024-04-19T22:32:10.017] [INFO] default - [2024-04-20T03:32:10.017Z] GET /allcharacter
[2024-04-19T22:33:10.012] [INFO] default - [2024-04-20T03:33:10.011Z] GET /allcharacter
[2024-04-19T22:33:11.305] [INFO] default - [2024-04-20T03:33:11.305Z] PUT /character
[2024-04-19T22:34:10.025] [INFO] default - [2024-04-20T03:34:10.024Z] GET /allcharacter
[2024-04-19T22:34:46.626] [INFO] default - [2024-04-20T03:34:46.624Z] POST /graphql
[2024-04-19T22:35:10.028] [INFO] default - [2024-04-20T03:35:10.028Z] GET /allcharacter
[2024-04-19T22:36:10.028] [INFO] default - [2024-04-20T03:36:10.027Z] GET /allcharacter
[2024-04-19T22:37:10.016] [INFO] default - [2024-04-20T03:37:10.016Z] GET /allcharacter
[2024-04-19T22:38:10.021] [INFO] default - [2024-04-20T03:38:10.020Z] GET /allcharacter
[2024-04-19T22:39:10.017] [INFO] default - [2024-04-20T03:39:10.016Z] GET /allcharacter
[2024-04-19T22:40:10.022] [INFO] default - [2024-04-20T03:40:10.022Z] GET /allcharacter
[2024-04-19T22:40:27.319] [INFO] default - [2024-04-20T03:40:27.319Z] POST /graphql
[2024-04-19T22:41:10.019] [INFO] default - [2024-04-20T03:41:10.018Z] GET /allcharacter
[2024-04-19T22:42:10.013] [INFO] default - [2024-04-20T03:42:10.012Z] GET /allcharacter
[2024-04-19T22:43:10.026] [INFO] default - [2024-04-20T03:43:10.026Z] GET /allcharacter
[2024-04-19T22:44:10.024] [INFO] default - [2024-04-20T03:44:10.023Z] GET /allcharacter
[2024-04-19T22:45:10.018] [INFO] default - [2024-04-20T03:45:10.018Z] GET /allcharacter
[2024-04-19T22:46:10.021] [INFO] default - [2024-04-20T03:46:10.021Z] GET /allcharacter
[2024-04-19T22:47:10.024] [INFO] default - [2024-04-20T03:47:10.024Z] GET /allcharacter
[2024-04-19T22:48:10.012] [INFO] default - [2024-04-20T03:48:10.012Z] GET /allcharacter
[2024-04-19T22:49:10.024] [INFO] default - [2024-04-20T03:49:10.024Z] GET /allcharacter
[2024-04-19T22:50:10.016] [INFO] default - [2024-04-20T03:50:10.015Z] GET /allcharacter
[2024-04-19T22:51:10.007] [INFO] default - [2024-04-20T03:51:10.007Z] GET /allcharacter
[2024-04-19T22:52:10.015] [INFO] default - [2024-04-20T03:52:10.014Z] GET /allcharacter
[2024-04-19T22:53:10.010] [INFO] default - [2024-04-20T03:53:10.010Z] GET /allcharacter
[2024-04-19T22:54:10.016] [INFO] default - [2024-04-20T03:54:10.015Z] GET /allcharacter
[2024-04-19T22:55:10.024] [INFO] default - [2024-04-20T03:55:10.024Z] GET /allcharacter
[2024-04-19T22:56:10.020] [INFO] default - [2024-04-20T03:56:10.019Z] GET /allcharacter
[2024-04-19T22:57:10.018] [INFO] default - [2024-04-20T03:57:10.017Z] GET /allcharacter
[2024-04-19T22:58:10.013] [INFO] default - [2024-04-20T03:58:10.013Z] GET /allcharacter
[2024-04-19T22:59:10.042] [INFO] default - [2024-04-20T03:59:10.041Z] GET /allcharacter
[2024-04-19T22:59:33.958] [INFO] default - [2024-04-20T03:59:33.958Z] POST /graphql
[2024-04-19T22:59:33.998] [INFO] default - [2024-04-20T03:59:33.998Z] GET /allcharacter?status=Alive&species=Human&gender=&name=&origin=
[2024-04-19T23:00:10.013] [INFO] default - [2024-04-20T04:00:10.012Z] GET /allcharacter
[2024-04-19T23:01:10.017] [INFO] default - [2024-04-20T04:01:10.017Z] GET /allcharacter
[2024-04-19T23:02:10.010] [INFO] default - [2024-04-20T04:02:10.010Z] GET /allcharacter
[2024-04-19T23:03:10.037] [INFO] default - [2024-04-20T04:03:10.024Z] GET /allcharacter
[2024-04-19T23:04:10.011] [INFO] default - [2024-04-20T04:04:10.010Z] GET /allcharacter
[2024-04-19T23:05:10.024] [INFO] default - [2024-04-20T04:05:10.024Z] GET /allcharacter
[2024-04-19T23:06:10.010] [INFO] default - [2024-04-20T04:06:10.009Z] GET /allcharacter
[2024-04-19T23:07:10.023] [INFO] default - [2024-04-20T04:07:10.022Z] GET /allcharacter
[2024-04-19T23:08:10.024] [INFO] default - [2024-04-20T04:08:10.023Z] GET /allcharacter
[2024-04-19T23:09:10.025] [INFO] default - [2024-04-20T04:09:10.025Z] GET /allcharacter
[2024-04-19T23:10:10.025] [INFO] default - [2024-04-20T04:10:10.025Z] GET /allcharacter
[2024-04-19T23:12:10.030] [INFO] default - [2024-04-20T04:12:10.029Z] GET /allcharacter
[2024-04-19T23:12:25.090] [INFO] default - [2024-04-20T04:12:25.090Z] POST /graphql
[2024-04-19T23:13:05.028] [INFO] default - [2024-04-20T04:13:05.028Z] POST /graphql
[2024-04-19T23:13:10.017] [INFO] default - [2024-04-20T04:13:10.017Z] GET /allcharacter
[2024-04-19T23:13:16.822] [INFO] default - [2024-04-20T04:13:16.821Z] POST /graphql
[2024-04-19T23:13:27.254] [INFO] default - [2024-04-20T04:13:27.254Z] POST /graphql
[2024-04-19T23:13:39.061] [INFO] default - [2024-04-20T04:13:39.058Z] POST /graphql
[2024-04-19T23:14:10.021] [INFO] default - [2024-04-20T04:14:10.021Z] GET /allcharacter
[2024-04-19T23:15:10.030] [INFO] default - [2024-04-20T04:15:10.029Z] GET /allcharacter
[2024-04-19T23:15:17.750] [INFO] default - [2024-04-20T04:15:17.750Z] PUT /character
[2024-04-19T23:15:31.521] [INFO] default - [2024-04-20T04:15:31.520Z] POST /graphql
[2024-04-19T23:16:10.015] [INFO] default - [2024-04-20T04:16:10.015Z] GET /allcharacter
[2024-04-19T23:16:57.690] [INFO] default - [2024-04-20T04:16:57.687Z] POST /graphql
[2024-04-19T23:17:10.021] [INFO] default - [2024-04-20T04:17:10.020Z] GET /allcharacter
[2024-04-19T23:17:47.938] [INFO] default - [2024-04-20T04:17:47.937Z] POST /graphql
[2024-04-19T23:18:10.015] [INFO] default - [2024-04-20T04:18:10.014Z] GET /allcharacter
[2024-04-19T23:18:25.734] [INFO] default - [2024-04-20T04:18:25.733Z] POST /graphql
[2024-04-19T23:18:38.748] [INFO] default - [2024-04-20T04:18:38.748Z] POST /graphql
[2024-04-19T23:19:10.024] [INFO] default - [2024-04-20T04:19:10.024Z] GET /allcharacter
[2024-04-19T23:19:18.531] [INFO] default - [2024-04-20T04:19:18.531Z] POST /graphql
[2024-04-19T23:20:10.014] [INFO] default - [2024-04-20T04:20:10.013Z] GET /allcharacter
[2024-04-19T23:21:10.023] [INFO] default - [2024-04-20T04:21:10.022Z] GET /allcharacter
[2024-04-19T23:22:10.017] [INFO] default - [2024-04-20T04:22:10.016Z] GET /allcharacter
[2024-04-19T23:23:10.021] [INFO] default - [2024-04-20T04:23:10.021Z] GET /allcharacter
[2024-04-19T23:24:10.025] [INFO] default - [2024-04-20T04:24:10.024Z] GET /allcharacter
[2024-04-19T23:25:10.031] [INFO] default - [2024-04-20T04:25:10.030Z] GET /allcharacter
[2024-04-19T23:26:10.025] [INFO] default - [2024-04-20T04:26:10.025Z] GET /allcharacter
[2024-04-19T23:27:10.025] [INFO] default - [2024-04-20T04:27:10.024Z] GET /allcharacter
[2024-04-19T23:28:10.013] [INFO] default - [2024-04-20T04:28:10.012Z] GET /allcharacter
[2024-04-19T23:29:10.017] [INFO] default - [2024-04-20T04:29:10.016Z] GET /allcharacter
[2024-04-19T23:30:10.023] [INFO] default - [2024-04-20T04:30:10.023Z] GET /allcharacter
[2024-04-19T23:31:10.015] [INFO] default - [2024-04-20T04:31:10.015Z] GET /allcharacter
[2024-04-19T23:32:10.026] [INFO] default - [2024-04-20T04:32:10.025Z] GET /allcharacter
[2024-04-19T23:33:10.017] [INFO] default - [2024-04-20T04:33:10.017Z] GET /allcharacter
[2024-04-19T23:34:10.015] [INFO] default - [2024-04-20T04:34:10.014Z] GET /allcharacter
[2024-04-19T23:35:10.011] [INFO] default - [2024-04-20T04:35:10.011Z] GET /allcharacter
[2024-04-19T23:36:10.016] [INFO] default - [2024-04-20T04:36:10.015Z] GET /allcharacter
[2024-04-19T23:37:10.009] [INFO] default - [2024-04-20T04:37:10.008Z] GET /allcharacter
[2024-04-19T23:38:10.010] [INFO] default - [2024-04-20T04:38:10.010Z] GET /allcharacter
[2024-04-19T23:39:10.010] [INFO] default - [2024-04-20T04:39:10.009Z] GET /allcharacter
[2024-04-19T23:40:10.015] [INFO] default - [2024-04-20T04:40:10.014Z] GET /allcharacter
[2024-04-19T23:41:10.012] [INFO] default - [2024-04-20T04:41:10.012Z] GET /allcharacter
[2024-04-19T23:42:10.022] [INFO] default - [2024-04-20T04:42:10.021Z] GET /allcharacter
[2024-04-19T23:43:10.026] [INFO] default - [2024-04-20T04:43:10.023Z] GET /allcharacter
[2024-04-19T23:44:10.015] [INFO] default - [2024-04-20T04:44:10.015Z] GET /allcharacter
[2024-04-19T23:45:10.013] [INFO] default - [2024-04-20T04:45:10.013Z] GET /allcharacter
[2024-04-19T23:52:10.031] [INFO] default - [2024-04-20T04:52:10.030Z] GET /allcharacter
[2024-04-19T23:53:10.014] [INFO] default - [2024-04-20T04:53:10.013Z] GET /allcharacter
[2024-04-19T23:54:10.020] [INFO] default - [2024-04-20T04:54:10.019Z] GET /allcharacter
[2024-04-19T23:54:23.162] [INFO] default - [2024-04-20T04:54:23.161Z] POST /character
[2024-04-19T23:55:10.016] [INFO] default - [2024-04-20T04:55:10.016Z] GET /allcharacter
[2024-04-19T23:56:10.021] [INFO] default - [2024-04-20T04:56:10.021Z] GET /allcharacter
[2024-04-19T23:56:40.933] [INFO] default - [2024-04-20T04:56:40.932Z] POST /character
[2024-04-19T23:56:55.048] [INFO] default - [2024-04-20T04:56:55.048Z] POST /graphql
[2024-04-19T23:57:07.071] [INFO] default - [2024-04-20T04:57:07.070Z] POST /graphql
[2024-04-19T23:57:10.025] [INFO] default - [2024-04-20T04:57:10.024Z] GET /allcharacter
[2024-04-19T23:57:31.496] [INFO] default - [2024-04-20T04:57:31.496Z] POST /graphql
[2024-04-19T23:57:58.435] [INFO] default - [2024-04-20T04:57:58.434Z] POST /graphql
[2024-04-19T23:58:10.019] [INFO] default - [2024-04-20T04:58:10.019Z] GET /allcharacter
[2024-04-19T23:59:10.024] [INFO] default - [2024-04-20T04:59:10.024Z] GET /allcharacter
[2024-04-20T00:00:10.016] [INFO] default - [2024-04-20T05:00:10.015Z] GET /allcharacter
[2024-04-20T00:01:10.020] [INFO] default - [2024-04-20T05:01:10.019Z] GET /allcharacter
[2024-04-20T00:02:10.022] [INFO] default - [2024-04-20T05:02:10.022Z] GET /allcharacter
[2024-04-20T00:03:10.020] [INFO] default - [2024-04-20T05:03:10.020Z] GET /allcharacter
[2024-04-20T00:04:10.011] [INFO] default - [2024-04-20T05:04:10.011Z] GET /allcharacter
[2024-04-20T00:05:10.015] [INFO] default - [2024-04-20T05:05:10.014Z] GET /allcharacter
[2024-04-20T00:06:10.015] [INFO] default - [2024-04-20T05:06:10.015Z] GET /allcharacter
[2024-04-20T00:07:10.010] [INFO] default - [2024-04-20T05:07:10.010Z] GET /allcharacter
[2024-04-20T00:08:10.029] [INFO] default - [2024-04-20T05:08:10.027Z] GET /allcharacter
[2024-04-20T00:08:45.705] [INFO] default - [2024-04-20T05:08:45.705Z] POST /graphql
[2024-04-20T00:10:10.050] [INFO] default - [2024-04-20T05:10:10.043Z] GET /allcharacter
[2024-04-20T00:11:10.014] [INFO] default - [2024-04-20T05:11:10.014Z] GET /allcharacter
[2024-04-20T00:12:10.017] [INFO] default - [2024-04-20T05:12:10.017Z] GET /allcharacter
[2024-04-20T00:13:10.015] [INFO] default - [2024-04-20T05:13:10.015Z] GET /allcharacter
[2024-04-20T00:13:54.710] [INFO] default - [2024-04-20T05:13:54.709Z] POST /graphql
[2024-04-20T00:14:10.024] [INFO] default - [2024-04-20T05:14:10.023Z] GET /allcharacter
[2024-04-20T00:15:10.027] [INFO] default - [2024-04-20T05:15:10.027Z] GET /allcharacter
[2024-04-20T00:16:10.021] [INFO] default - [2024-04-20T05:16:10.020Z] GET /allcharacter
[2024-04-20T00:17:10.011] [INFO] default - [2024-04-20T05:17:10.011Z] GET /allcharacter
[2024-04-20T00:18:10.011] [INFO] default - [2024-04-20T05:18:10.011Z] GET /allcharacter
[2024-04-20T00:18:51.299] [INFO] default - [2024-04-20T05:18:51.298Z] POST /graphql
[2024-04-20T00:19:10.011] [INFO] default - [2024-04-20T05:19:10.010Z] GET /allcharacter
[2024-04-20T00:20:10.027] [INFO] default - [2024-04-20T05:20:10.026Z] GET /allcharacter
[2024-04-20T00:20:36.309] [INFO] default - [2024-04-20T05:20:36.308Z] POST /graphql
[2024-04-20T00:21:10.030] [INFO] default - [2024-04-20T05:21:10.029Z] GET /allcharacter
[2024-04-20T00:22:10.028] [INFO] default - [2024-04-20T05:22:10.027Z] GET /allcharacter
[2024-04-20T00:23:10.020] [INFO] default - [2024-04-20T05:23:10.020Z] GET /allcharacter
[2024-04-20T00:24:10.012] [INFO] default - [2024-04-20T05:24:10.012Z] GET /allcharacter
[2024-04-20T00:25:10.014] [INFO] default - [2024-04-20T05:25:10.014Z] GET /allcharacter
[2024-04-20T00:26:36.513] [INFO] default - [2024-04-20T05:26:36.512Z] POST /graphql
[2024-04-20T00:27:20.018] [INFO] default - [2024-04-20T05:27:20.017Z] GET /allcharacter
[2024-04-20T00:28:20.017] [INFO] default - [2024-04-20T05:28:20.017Z] GET /allcharacter
[2024-04-20T00:29:20.015] [INFO] default - [2024-04-20T05:29:20.014Z] GET /allcharacter
[2024-04-20T00:29:26.324] [INFO] default - [2024-04-20T05:29:26.324Z] POST /graphql
[2024-04-20T00:29:49.211] [INFO] default - [2024-04-20T05:29:49.210Z] POST /graphql
[2024-04-20T00:30:20.017] [INFO] default - [2024-04-20T05:30:20.016Z] GET /allcharacter
[2024-04-20T00:31:20.055] [INFO] default - [2024-04-20T05:31:20.055Z] GET /allcharacter
[2024-04-20T00:32:20.023] [INFO] default - [2024-04-20T05:32:20.022Z] GET /allcharacter
[2024-04-20T00:33:20.012] [INFO] default - [2024-04-20T05:33:20.011Z] GET /allcharacter
[2024-04-20T00:34:20.024] [INFO] default - [2024-04-20T05:34:20.024Z] GET /allcharacter
[2024-04-20T00:35:20.017] [INFO] default - [2024-04-20T05:35:20.016Z] GET /allcharacter
[2024-04-20T00:36:20.014] [INFO] default - [2024-04-20T05:36:20.013Z] GET /allcharacter
[2024-04-20T00:37:20.016] [INFO] default - [2024-04-20T05:37:20.016Z] GET /allcharacter
[2024-04-20T00:38:20.025] [INFO] default - [2024-04-20T05:38:20.024Z] GET /allcharacter
[2024-04-20T00:39:39.121] [INFO] default - [2024-04-20T05:39:39.120Z] POST /graphql
[2024-04-20T00:40:20.021] [INFO] default - [2024-04-20T05:40:20.021Z] GET /allcharacter
[2024-04-20T00:40:43.564] [INFO] default - [2024-04-20T05:40:43.563Z] POST /graphql
[2024-04-20T00:41:20.029] [INFO] default - [2024-04-20T05:41:20.029Z] GET /allcharacter
[2024-04-20T00:42:20.021] [INFO] default - [2024-04-20T05:42:20.021Z] GET /allcharacter
[2024-04-20T00:43:20.077] [INFO] default - [2024-04-20T05:43:20.063Z] GET /allcharacter
[2024-04-20T00:44:20.021] [INFO] default - [2024-04-20T05:44:20.021Z] GET /allcharacter
[2024-04-20T00:45:20.021] [INFO] default - [2024-04-20T05:45:20.020Z] GET /allcharacter
[2024-04-20T00:46:20.009] [INFO] default - [2024-04-20T05:46:20.009Z] GET /allcharacter
[2024-04-20T00:47:20.023] [INFO] default - [2024-04-20T05:47:20.022Z] GET /allcharacter
[2024-04-20T00:48:20.016] [INFO] default - [2024-04-20T05:48:20.016Z] GET /allcharacter
[2024-04-20T00:49:20.014] [INFO] default - [2024-04-20T05:49:20.014Z] GET /allcharacter
[2024-04-20T00:50:20.017] [INFO] default - [2024-04-20T05:50:20.017Z] GET /allcharacter
[2024-04-20T00:51:20.021] [INFO] default - [2024-04-20T05:51:20.020Z] GET /allcharacter
[2024-04-20T00:55:17.555] [INFO] default - [2024-04-20T05:55:17.554Z] POST /graphql
[2024-04-20T00:55:20.016] [INFO] default - [2024-04-20T05:55:20.015Z] GET /allcharacter
[2024-04-20T00:56:17.271] [INFO] default - [2024-04-20T05:56:17.271Z] POST /graphql
[2024-04-20T00:56:20.024] [INFO] default - [2024-04-20T05:56:20.024Z] GET /allcharacter
[2024-04-20T00:56:51.477] [INFO] default - [2024-04-20T05:56:51.477Z] POST /graphql
[2024-04-20T00:57:20.021] [INFO] default - [2024-04-20T05:57:20.020Z] GET /allcharacter
[2024-04-20T00:58:20.019] [INFO] default - [2024-04-20T05:58:20.018Z] GET /allcharacter
[2024-04-20T00:59:20.019] [INFO] default - [2024-04-20T05:59:20.018Z] GET /allcharacter
[2024-04-20T01:00:20.015] [INFO] default - [2024-04-20T06:00:20.015Z] GET /allcharacter
[2024-04-20T01:01:20.015] [INFO] default - [2024-04-20T06:01:20.014Z] GET /allcharacter
[2024-04-20T01:01:52.809] [INFO] default - [2024-04-20T06:01:52.808Z] POST /graphql
[2024-04-20T01:02:20.017] [INFO] default - [2024-04-20T06:02:20.016Z] GET /allcharacter
[2024-04-20T01:02:31.497] [INFO] default - [2024-04-20T06:02:31.497Z] POST /graphql
[2024-04-20T01:03:20.010] [INFO] default - [2024-04-20T06:03:20.010Z] GET /allcharacter
[2024-04-20T01:04:20.012] [INFO] default - [2024-04-20T06:04:20.012Z] GET /allcharacter
[2024-04-20T01:05:20.024] [INFO] default - [2024-04-20T06:05:20.024Z] GET /allcharacter
[2024-04-20T01:06:20.022] [INFO] default - [2024-04-20T06:06:20.021Z] GET /allcharacter
[2024-04-20T01:07:20.014] [INFO] default - [2024-04-20T06:07:20.014Z] GET /allcharacter
[2024-04-20T01:08:20.023] [INFO] default - [2024-04-20T06:08:20.022Z] GET /allcharacter
[2024-04-20T01:09:20.015] [INFO] default - [2024-04-20T06:09:20.014Z] GET /allcharacter
[2024-04-20T01:10:20.012] [INFO] default - [2024-04-20T06:10:20.012Z] GET /allcharacter
[2024-04-20T01:11:20.022] [INFO] default - [2024-04-20T06:11:20.021Z] GET /allcharacter
[2024-04-20T01:12:20.018] [INFO] default - [2024-04-20T06:12:20.018Z] GET /allcharacter
[2024-04-20T01:13:20.026] [INFO] default - [2024-04-20T06:13:20.025Z] GET /allcharacter
[2024-04-20T01:14:20.012] [INFO] default - [2024-04-20T06:14:20.012Z] GET /allcharacter
[2024-04-20T01:15:20.019] [INFO] default - [2024-04-20T06:15:20.018Z] GET /allcharacter
[2024-04-20T01:16:20.022] [INFO] default - [2024-04-20T06:16:20.021Z] GET /allcharacter
[2024-04-20T01:17:20.023] [INFO] default - [2024-04-20T06:17:20.023Z] GET /allcharacter
[2024-04-20T01:18:20.008] [INFO] default - [2024-04-20T06:18:20.008Z] GET /allcharacter
[2024-04-20T01:19:20.020] [INFO] default - [2024-04-20T06:19:20.019Z] GET /allcharacter
[2024-04-20T01:20:20.021] [INFO] default - [2024-04-20T06:20:20.021Z] GET /allcharacter
[2024-04-20T01:21:20.020] [INFO] default - [2024-04-20T06:21:20.020Z] GET /allcharacter
[2024-04-20T01:22:20.019] [INFO] default - [2024-04-20T06:22:20.017Z] GET /allcharacter
[2024-04-20T01:23:20.022] [INFO] default - [2024-04-20T06:23:20.022Z] GET /allcharacter
[2024-04-20T01:24:20.021] [INFO] default - [2024-04-20T06:24:20.021Z] GET /allcharacter
[2024-04-20T01:25:20.018] [INFO] default - [2024-04-20T06:25:20.018Z] GET /allcharacter
[2024-04-20T01:26:20.016] [INFO] default - [2024-04-20T06:26:20.015Z] GET /allcharacter
[2024-04-20T01:27:20.022] [INFO] default - [2024-04-20T06:27:20.022Z] GET /allcharacter
[2024-04-20T01:28:20.039] [INFO] default - [2024-04-20T06:28:20.037Z] GET /allcharacter
[2024-04-20T01:28:21.842] [INFO] default - [2024-04-20T06:28:21.842Z] POST /graphql
[2024-04-20T01:29:41.004] [INFO] default - [2024-04-20T06:29:41.003Z] POST /graphql
[2024-04-20T01:30:20.022] [INFO] default - [2024-04-20T06:30:20.022Z] GET /allcharacter
[2024-04-20T01:31:20.025] [INFO] default - [2024-04-20T06:31:20.023Z] GET /allcharacter
[2024-04-20T01:32:20.011] [INFO] default - [2024-04-20T06:32:20.010Z] GET /allcharacter
[2024-04-20T01:33:20.022] [INFO] default - [2024-04-20T06:33:20.021Z] GET /allcharacter
[2024-04-20T01:34:20.107] [INFO] default - [2024-04-20T06:34:20.070Z] GET /allcharacter
[2024-04-20T01:35:03.791] [INFO] default - [2024-04-20T06:35:03.790Z] POST /graphql
[2024-04-20T01:35:20.027] [INFO] default - [2024-04-20T06:35:20.027Z] GET /allcharacter
[2024-04-20T01:35:45.430] [INFO] default - [2024-04-20T06:35:45.430Z] POST /graphql
[2024-04-20T01:36:20.022] [INFO] default - [2024-04-20T06:36:20.022Z] GET /allcharacter
[2024-04-20T01:37:20.015] [INFO] default - [2024-04-20T06:37:20.014Z] GET /allcharacter
[2024-04-20T01:37:46.843] [INFO] default - [2024-04-20T06:37:46.842Z] POST /graphql
[2024-04-20T01:38:20.012] [INFO] default - [2024-04-20T06:38:20.011Z] GET /allcharacter
[2024-04-20T01:39:20.015] [INFO] default - [2024-04-20T06:39:20.015Z] GET /allcharacter
[2024-04-20T01:40:20.012] [INFO] default - [2024-04-20T06:40:20.012Z] GET /allcharacter
[2024-04-20T01:41:20.010] [INFO] default - [2024-04-20T06:41:20.010Z] GET /allcharacter
[2024-04-20T01:42:20.025] [INFO] default - [2024-04-20T06:42:20.025Z] GET /allcharacter
[2024-04-20T01:43:20.024] [INFO] default - [2024-04-20T06:43:20.024Z] GET /allcharacter
[2024-04-20T01:44:20.042] [INFO] default - [2024-04-20T06:44:20.040Z] GET /allcharacter
[2024-04-20T01:45:20.024] [INFO] default - [2024-04-20T06:45:20.024Z] GET /allcharacter
[2024-04-20T01:46:20.019] [INFO] default - [2024-04-20T06:46:20.018Z] GET /allcharacter
[2024-04-20T01:47:20.017] [INFO] default - [2024-04-20T06:47:20.017Z] GET /allcharacter
[2024-04-20T01:48:20.015] [INFO] default - [2024-04-20T06:48:20.014Z] GET /allcharacter
[2024-04-20T01:49:20.029] [INFO] default - [2024-04-20T06:49:20.029Z] GET /allcharacter
[2024-04-20T01:50:20.020] [INFO] default - [2024-04-20T06:50:20.020Z] GET /allcharacter
[2024-04-20T01:52:01.595] [INFO] default - [2024-04-20T06:52:01.594Z] POST /graphql
[2024-04-20T01:52:15.224] [INFO] default - [2024-04-20T06:52:15.223Z] POST /graphql
[2024-04-20T01:52:20.025] [INFO] default - [2024-04-20T06:52:20.025Z] GET /allcharacter
[2024-04-20T01:53:20.019] [INFO] default - [2024-04-20T06:53:20.019Z] GET /allcharacter
[2024-04-20T01:54:02.164] [INFO] default - [2024-04-20T06:54:02.163Z] POST /graphql
[2024-04-20T01:54:07.220] [INFO] default - [2024-04-20T06:54:07.220Z] POST /graphql
[2024-04-20T01:54:09.782] [INFO] default - [2024-04-20T06:54:09.781Z] POST /graphql
[2024-04-20T01:54:20.020] [INFO] default - [2024-04-20T06:54:20.020Z] GET /allcharacter
[2024-04-20T01:55:20.025] [INFO] default - [2024-04-20T06:55:20.024Z] GET /allcharacter
[2024-04-20T01:56:20.021] [INFO] default - [2024-04-20T06:56:20.021Z] GET /allcharacter
[2024-04-20T01:57:20.016] [INFO] default - [2024-04-20T06:57:20.015Z] GET /allcharacter
[2024-04-20T01:58:20.019] [INFO] default - [2024-04-20T06:58:20.019Z] GET /allcharacter
[2024-04-20T01:59:20.011] [INFO] default - [2024-04-20T06:59:20.010Z] GET /allcharacter
[2024-04-20T02:00:20.018] [INFO] default - [2024-04-20T07:00:20.017Z] GET /allcharacter
[2024-04-20T02:01:20.017] [INFO] default - [2024-04-20T07:01:20.017Z] GET /allcharacter
[2024-04-20T02:02:20.015] [INFO] default - [2024-04-20T07:02:20.014Z] GET /allcharacter
[2024-04-20T02:02:38.424] [INFO] default - [2024-04-20T07:02:38.423Z] GET /character/id
[2024-04-20T02:03:20.025] [INFO] default - [2024-04-20T07:03:20.025Z] GET /allcharacter
[2024-04-20T02:04:20.102] [INFO] default - [2024-04-20T07:04:20.101Z] GET /allcharacter
[2024-04-20T02:05:20.037] [INFO] default - [2024-04-20T07:05:20.036Z] GET /allcharacter
[2024-04-20T02:06:20.016] [INFO] default - [2024-04-20T07:06:20.016Z] GET /allcharacter
[2024-04-20T02:07:20.024] [INFO] default - [2024-04-20T07:07:20.024Z] GET /allcharacter
[2024-04-21T15:48:20.050] [INFO] default - [2024-04-21T20:48:20.050Z] GET /allcharacter
[2024-04-21T15:49:20.019] [INFO] default - [2024-04-21T20:49:20.019Z] GET /allcharacter
[2024-04-21T15:50:20.026] [INFO] default - [2024-04-21T20:50:20.025Z] GET /allcharacter
[2024-04-21T15:51:20.015] [INFO] default - [2024-04-21T20:51:20.014Z] GET /allcharacter
[2024-04-21T15:52:20.011] [INFO] default - [2024-04-21T20:52:20.011Z] GET /allcharacter
[2024-04-21T15:53:20.009] [INFO] default - [2024-04-21T20:53:20.009Z] GET /allcharacter
[2024-04-21T15:54:20.025] [INFO] default - [2024-04-21T20:54:20.024Z] GET /allcharacter
[2024-04-21T15:54:55.866] [INFO] default - [2024-04-21T20:54:55.866Z] GET /swuagger
[2024-04-21T15:55:20.015] [INFO] default - [2024-04-21T20:55:20.014Z] GET /allcharacter
[2024-04-21T15:55:40.766] [INFO] default - [2024-04-21T20:55:40.766Z] GET /api-docs
[2024-04-21T15:55:40.767] [INFO] default - Validando autorización!
[2024-04-21T15:55:40.768] [ERROR] default - No se ha proporcionado un token de acceso { statusCode: 401 }
[2024-04-21T15:55:40.849] [INFO] default - [2024-04-21T20:55:40.849Z] GET /favicon.ico
[2024-04-21T15:56:20.013] [INFO] default - [2024-04-21T20:56:20.012Z] GET /allcharacter
[2024-04-21T15:58:03.688] [INFO] default - [2024-04-21T20:58:03.687Z] GET /api-docs
[2024-04-21T15:58:03.714] [INFO] default - [2024-04-21T20:58:03.714Z] GET /api-docs/
[2024-04-21T15:58:03.765] [INFO] default - [2024-04-21T20:58:03.765Z] GET /api-docs/swagger-ui.css
[2024-04-21T15:58:03.771] [INFO] default - [2024-04-21T20:58:03.770Z] GET /api-docs/swagger-ui-bundle.js
[2024-04-21T15:58:03.776] [INFO] default - [2024-04-21T20:58:03.776Z] GET /api-docs/swagger-ui-standalone-preset.js
[2024-04-21T15:58:03.778] [INFO] default - [2024-04-21T20:58:03.778Z] GET /api-docs/swagger-ui-init.js
[2024-04-21T15:58:04.316] [INFO] default - [2024-04-21T20:58:04.316Z] GET /api-docs/favicon-32x32.png
[2024-04-21T15:58:17.563] [INFO] default - [2024-04-21T20:58:17.562Z] GET /characters
[2024-04-21T15:58:20.017] [INFO] default - [2024-04-21T20:58:20.017Z] GET /allcharacter
[2024-04-21T15:59:20.027] [INFO] default - [2024-04-21T20:59:20.027Z] GET /allcharacter
[2024-04-21T16:00:20.030] [INFO] default - [2024-04-21T21:00:20.029Z] GET /allcharacter
[2024-04-21T16:00:25.777] [INFO] default - [2024-04-21T21:00:25.776Z] GET /api-docs/
[2024-04-21T16:00:25.829] [INFO] default - [2024-04-21T21:00:25.828Z] GET /api-docs/swagger-ui.css
[2024-04-21T16:00:25.831] [INFO] default - [2024-04-21T21:00:25.831Z] GET /api-docs/swagger-ui-bundle.js
[2024-04-21T16:00:25.838] [INFO] default - [2024-04-21T21:00:25.837Z] GET /api-docs/swagger-ui-standalone-preset.js
[2024-04-21T16:00:25.840] [INFO] default - [2024-04-21T21:00:25.839Z] GET /api-docs/swagger-ui-init.js
[2024-04-21T16:00:26.009] [INFO] default - [2024-04-21T21:00:26.009Z] GET /api-docs/favicon-32x32.png
[2024-04-21T16:00:36.415] [INFO] default - [2024-04-21T21:00:36.414Z] GET /characters
[2024-04-21T16:01:20.018] [INFO] default - [2024-04-21T21:01:20.018Z] GET /allcharacter
[2024-04-21T16:01:20.060] [INFO] default - [2024-04-21T21:01:20.060Z] GET /api-docs/
[2024-04-21T16:01:20.115] [INFO] default - [2024-04-21T21:01:20.114Z] GET /api-docs/swagger-ui.css
[2024-04-21T16:01:20.120] [INFO] default - [2024-04-21T21:01:20.120Z] GET /api-docs/swagger-ui-bundle.js
[2024-04-21T16:01:20.122] [INFO] default - [2024-04-21T21:01:20.122Z] GET /api-docs/swagger-ui-standalone-preset.js
[2024-04-21T16:01:20.124] [INFO] default - [2024-04-21T21:01:20.124Z] GET /api-docs/swagger-ui-init.js
[2024-04-21T16:01:20.311] [INFO] default - [2024-04-21T21:01:20.311Z] GET /api-docs/favicon-32x32.png
[2024-04-21T16:02:49.813] [INFO] default - [2024-04-21T21:02:49.812Z] GET /api-docs/
[2024-04-21T16:02:49.861] [INFO] default - [2024-04-21T21:02:49.860Z] GET /api-docs/swagger-ui.css
[2024-04-21T16:02:49.873] [INFO] default - [2024-04-21T21:02:49.873Z] GET /api-docs/swagger-ui-bundle.js
[2024-04-21T16:02:49.876] [INFO] default - [2024-04-21T21:02:49.875Z] GET /api-docs/swagger-ui-standalone-preset.js
[2024-04-21T16:02:49.879] [INFO] default - [2024-04-21T21:02:49.879Z] GET /api-docs/swagger-ui-init.js
[2024-04-21T16:02:50.050] [INFO] default - [2024-04-21T21:02:50.048Z] GET /api-docs/favicon-32x32.png
[2024-04-21T16:03:20.034] [INFO] default - [2024-04-21T21:03:20.033Z] GET /allcharacter
[2024-04-21T16:03:34.327] [INFO] default - [2024-04-21T21:03:34.327Z] GET /api-docs/
[2024-04-21T16:03:34.380] [INFO] default - [2024-04-21T21:03:34.380Z] GET /api-docs/swagger-ui.css
[2024-04-21T16:03:34.383] [INFO] default - [2024-04-21T21:03:34.383Z] GET /api-docs/swagger-ui-bundle.js
[2024-04-21T16:03:34.386] [INFO] default - [2024-04-21T21:03:34.386Z] GET /api-docs/swagger-ui-standalone-preset.js
[2024-04-21T16:03:34.389] [INFO] default - [2024-04-21T21:03:34.389Z] GET /api-docs/swagger-ui-init.js
[2024-04-21T16:03:34.551] [INFO] default - [2024-04-21T21:03:34.551Z] GET /api-docs/favicon-32x32.png
[2024-04-21T16:03:40.390] [INFO] default - [2024-04-21T21:03:40.390Z] GET /allcharacter
[2024-04-21T16:04:20.021] [INFO] default - [2024-04-21T21:04:20.021Z] GET /allcharacter
[2024-04-21T16:05:20.032] [INFO] default - [2024-04-21T21:05:20.031Z] GET /allcharacter
[2024-04-21T16:06:20.027] [INFO] default - [2024-04-21T21:06:20.026Z] GET /allcharacter
[2024-04-21T16:06:43.529] [INFO] default - [2024-04-21T21:06:43.525Z] GET /api-docs/
[2024-04-21T16:06:43.638] [INFO] default - [2024-04-21T21:06:43.637Z] GET /api-docs/swagger-ui.css
[2024-04-21T16:06:43.644] [INFO] default - [2024-04-21T21:06:43.644Z] GET /api-docs/swagger-ui-bundle.js
[2024-04-21T16:06:43.648] [INFO] default - [2024-04-21T21:06:43.647Z] GET /api-docs/swagger-ui-standalone-preset.js
[2024-04-21T16:06:43.660] [INFO] default - [2024-04-21T21:06:43.659Z] GET /api-docs/swagger-ui-init.js
[2024-04-21T16:06:44.137] [INFO] default - [2024-04-21T21:06:44.137Z] GET /api-docs/favicon-32x32.png
[2024-04-21T16:06:52.210] [INFO] default - [2024-04-21T21:06:52.209Z] GET /allcharacters
[2024-04-21T16:07:20.024] [INFO] default - [2024-04-21T21:07:20.024Z] GET /allcharacter
[2024-04-21T16:08:20.012] [INFO] default - [2024-04-21T21:08:20.012Z] GET /allcharacter
[2024-04-21T16:09:20.017] [INFO] default - [2024-04-21T21:09:20.016Z] GET /allcharacter
[2024-04-21T16:10:20.024] [INFO] default - [2024-04-21T21:10:20.024Z] GET /allcharacter
[2024-04-21T16:11:20.036] [INFO] default - [2024-04-21T21:11:20.032Z] GET /allcharacter
[2024-04-21T16:12:20.022] [INFO] default - [2024-04-21T21:12:20.022Z] GET /allcharacter
[2024-04-21T16:13:20.023] [INFO] default - [2024-04-21T21:13:20.023Z] GET /allcharacter
[2024-04-21T16:14:20.026] [INFO] default - [2024-04-21T21:14:20.026Z] GET /allcharacter
[2024-04-21T17:35:20.037] [INFO] default - [2024-04-21T22:35:20.036Z] GET /allcharacters
[2024-04-21T17:36:20.023] [INFO] default - [2024-04-21T22:36:20.022Z] GET /allcharacters
[2024-04-21T17:37:20.025] [INFO] default - [2024-04-21T22:37:20.024Z] GET /allcharacters
[2024-04-21T17:38:20.013] [INFO] default - [2024-04-21T22:38:20.013Z] GET /allcharacters
[2024-04-21T17:39:20.020] [INFO] default - [2024-04-21T22:39:20.019Z] GET /allcharacters
[2024-04-21T17:40:20.013] [INFO] default - [2024-04-21T22:40:20.013Z] GET /allcharacters
[2024-04-21T17:41:20.026] [INFO] default - [2024-04-21T22:41:20.025Z] GET /allcharacters
[2024-04-21T17:42:20.010] [INFO] default - [2024-04-21T22:42:20.010Z] GET /allcharacters
[2024-04-21T17:43:20.022] [INFO] default - [2024-04-21T22:43:20.021Z] GET /allcharacters
[2024-04-21T17:44:20.020] [INFO] default - [2024-04-21T22:44:20.020Z] GET /allcharacters
[2024-04-21T17:45:20.023] [INFO] default - [2024-04-21T22:45:20.022Z] GET /allcharacters
[2024-04-21T17:46:20.059] [INFO] default - [2024-04-21T22:46:20.059Z] GET /allcharacters
[2024-04-21T17:47:20.013] [INFO] default - [2024-04-21T22:47:20.012Z] GET /allcharacters
[2024-04-21T17:48:20.023] [INFO] default - [2024-04-21T22:48:20.022Z] GET /allcharacters
[2024-04-21T17:49:20.017] [INFO] default - [2024-04-21T22:49:20.017Z] GET /allcharacters
[2024-04-21T17:50:20.010] [INFO] default - [2024-04-21T22:50:20.009Z] GET /allcharacters
[2024-04-21T17:51:20.018] [INFO] default - [2024-04-21T22:51:20.018Z] GET /allcharacters
[2024-04-21T17:52:20.017] [INFO] default - [2024-04-21T22:52:20.016Z] GET /allcharacters
[2024-04-21T17:53:20.022] [INFO] default - [2024-04-21T22:53:20.021Z] GET /allcharacters
[2024-04-21T17:54:20.025] [INFO] default - [2024-04-21T22:54:20.025Z] GET /allcharacters
[2024-04-21T17:55:20.024] [INFO] default - [2024-04-21T22:55:20.024Z] GET /allcharacters
[2024-04-21T18:01:57.835] [INFO] default - [2024-04-21T23:01:57.834Z] GET /api-docs/
[2024-04-21T18:01:57.888] [INFO] default - [2024-04-21T23:01:57.888Z] GET /api-docs/swagger-ui.css
[2024-04-21T18:01:57.900] [INFO] default - [2024-04-21T23:01:57.900Z] GET /api-docs/swagger-ui-bundle.js
[2024-04-21T18:01:57.903] [INFO] default - [2024-04-21T23:01:57.903Z] GET /api-docs/swagger-ui-standalone-preset.js
[2024-04-21T18:01:57.905] [INFO] default - [2024-04-21T23:01:57.905Z] GET /api-docs/swagger-ui-init.js
[2024-04-21T18:01:58.129] [INFO] default - [2024-04-21T23:01:58.127Z] GET /api-docs/favicon-32x32.png
[2024-04-21T18:16:31.089] [INFO] default - [2024-04-21T23:16:31.087Z] GET /api-docs/
[2024-04-21T18:16:31.140] [INFO] default - [2024-04-21T23:16:31.139Z] GET /api-docs/swagger-ui.css
[2024-04-21T18:16:31.145] [INFO] default - [2024-04-21T23:16:31.144Z] GET /api-docs/swagger-ui-bundle.js
[2024-04-21T18:16:31.155] [INFO] default - [2024-04-21T23:16:31.155Z] GET /api-docs/swagger-ui-standalone-preset.js
[2024-04-21T18:16:31.157] [INFO] default - [2024-04-21T23:16:31.157Z] GET /api-docs/swagger-ui-init.js
[2024-04-21T18:16:31.518] [INFO] default - [2024-04-21T23:16:31.517Z] GET /api-docs/favicon-32x32.png
[2024-04-21T18:16:42.837] [INFO] default - [2024-04-21T23:16:42.836Z] GET /api-docs/
[2024-04-21T18:16:42.885] [INFO] default - [2024-04-21T23:16:42.884Z] GET /api-docs/swagger-ui.css
[2024-04-21T18:16:42.887] [INFO] default - [2024-04-21T23:16:42.887Z] GET /api-docs/swagger-ui-bundle.js
[2024-04-21T18:16:42.890] [INFO] default - [2024-04-21T23:16:42.889Z] GET /api-docs/swagger-ui-standalone-preset.js
[2024-04-21T18:16:42.892] [INFO] default - [2024-04-21T23:16:42.891Z] GET /api-docs/swagger-ui-init.js
[2024-04-21T18:16:43.112] [INFO] default - [2024-04-21T23:16:43.112Z] GET /api-docs/favicon-32x32.png
[2024-04-21T18:19:55.935] [INFO] default - [2024-04-21T23:19:55.933Z] GET /api-docs/
[2024-04-21T18:19:55.987] [INFO] default - [2024-04-21T23:19:55.987Z] GET /api-docs/swagger-ui.css
[2024-04-21T18:19:55.990] [INFO] default - [2024-04-21T23:19:55.990Z] GET /api-docs/swagger-ui-bundle.js
[2024-04-21T18:19:55.994] [INFO] default - [2024-04-21T23:19:55.993Z] GET /api-docs/swagger-ui-standalone-preset.js
[2024-04-21T18:19:55.999] [INFO] default - [2024-04-21T23:19:55.999Z] GET /api-docs/swagger-ui-init.js
[2024-04-21T18:19:56.189] [INFO] default - [2024-04-21T23:19:56.188Z] GET /api-docs/favicon-32x32.png
[2024-04-21T18:20:31.060] [INFO] default - [2024-04-21T23:20:31.059Z] GET /allcharacters
[2024-04-21T19:05:45.606] [INFO] default - [2024-04-22T00:05:45.605Z] GET /character/id
[2024-04-21T19:06:22.285] [INFO] default - [2024-04-22T00:06:22.285Z] POST /graphql
[2024-04-21T19:06:25.812] [INFO] default - [2024-04-22T00:06:25.811Z] POST /graphql
[2024-04-21T19:09:25.927] [INFO] default - [2024-04-22T00:09:25.927Z] POST /graphql
[2024-04-21T19:09:53.875] [INFO] default - [2024-04-22T00:09:53.874Z] POST /graphql
[2024-04-21T19:10:10.570] [INFO] default - [2024-04-22T00:10:10.569Z] POST /graphql
[2024-04-21T19:10:14.005] [INFO] default - [2024-04-22T00:10:14.004Z] POST /graphql
[2024-04-21T19:11:38.050] [INFO] default - [2024-04-22T00:11:38.050Z] POST /graphql
[2024-04-21T19:11:49.146] [INFO] default - [2024-04-22T00:11:49.146Z] POST /graphql
[2024-04-21T19:12:26.438] [INFO] default - [2024-04-22T00:12:26.437Z] POST /graphql
[2024-04-21T19:13:06.883] [INFO] default - [2024-04-22T00:13:06.883Z] POST /graphql
[2024-04-21T19:13:14.114] [INFO] default - [2024-04-22T00:13:14.113Z] POST /graphql
[2024-04-21T19:14:00.460] [INFO] default - [2024-04-22T00:14:00.460Z] POST /graphql
[2024-04-21T19:14:12.296] [INFO] default - [2024-04-22T00:14:12.295Z] POST /graphql
[2024-04-21T19:14:15.011] [INFO] default - [2024-04-22T00:14:15.011Z] POST /graphql
